[ 2025-02-22 17:42:33,687 ] 19 root - INFO - Initialized DataIngestion with config: <src.entity.config_entity.DataIngestionConfig object at 0x7a89334275b0>
[ 2025-02-22 17:42:33,687 ] 19 root - INFO - Initiate the data ingestion
[ 2025-02-22 17:42:33,687 ] 85 root - INFO - Starting data ingestion process...
[ 2025-02-22 17:42:33,687 ] 26 root - INFO - Fetching data from MongoDB collection: DynamicPricing in database: MLData
[ 2025-02-22 17:42:36,954 ] 53 root - INFO - DataFrame created with shape: (10000, 8)
[ 2025-02-22 17:42:36,965 ] 71 root - INFO - Saving DataFrame to feature store at Artifacts/02_22_2025_17_42_33/data_ingestion/feature_store/Online Retail.csv
[ 2025-02-22 17:42:37,022 ] 76 root - INFO - Data successfully saved to feature store.
[ 2025-02-22 17:42:37,022 ] 90 root - INFO - Data ingestion completed successfully.
[ 2025-02-22 17:42:37,025 ] 21 root - INFO - Data Initiation Completed
[ 2025-02-22 17:42:37,028 ] 15 root - INFO - Initialized DataCleaning with raw_data_path: Artifacts/02_22_2025_17_42_33/data_ingestion/feature_store/Online Retail.csv and cleaned_data_path: Artifacts/02_22_2025_17_42_33/data_validation/validated
[ 2025-02-22 17:42:37,028 ] 25 root - INFO - Initiate the data Validation
[ 2025-02-22 17:42:37,047 ] 54 root - WARNING - Column InvoiceDate has incorrect dtype: Expected datetime64[ns], Found int64
[ 2025-02-22 17:42:37,047 ] 122 root - INFO - Data type mismatch detected, initiating data cleaning...
[ 2025-02-22 17:42:37,050 ] 92 root - INFO - Converted Column: InvoiceDate | From: int64 → To: datetime64[ns]
[ 2025-02-22 17:42:37,054 ] 130 root - INFO - Missing values detected, initiating data cleaning...
[ 2025-02-22 17:42:37,054 ] 33 root - INFO - Handling missing values...
[ 2025-02-22 17:42:37,059 ] 42 root - INFO - Missing values before: 2333, after: 2333
[ 2025-02-22 17:42:37,065 ] 134 root - INFO - Duplicate rows detected, initiating data cleaning...
[ 2025-02-22 17:42:37,065 ] 50 root - INFO - Handling duplicates...
[ 2025-02-22 17:42:37,081 ] 54 root - INFO - Duplicates before: 196, after: 0
[ 2025-02-22 17:42:37,089 ] 138 root - INFO - Outliers detected, initiating data cleaning...
[ 2025-02-22 17:42:37,089 ] 62 root - INFO - Handling outliers...
[ 2025-02-22 17:42:37,091 ] 71 root - INFO - Column: Quantity, Outliers before: 1005, after: 0
[ 2025-02-22 17:42:37,094 ] 71 root - INFO - Column: UnitPrice, Outliers before: 628, after: 0
[ 2025-02-22 17:42:37,096 ] 71 root - INFO - Column: CustomerID, Outliers before: 0, after: 0
[ 2025-02-22 17:42:37,167 ] 27 root - INFO - data Validation Completed
