[ 2025-02-22 17:39:57,037 ] 19 root - INFO - Initialized DataIngestion with config: <src.entity.config_entity.DataIngestionConfig object at 0x7f7f247175b0>
[ 2025-02-22 17:39:57,037 ] 19 root - INFO - Initiate the data ingestion
[ 2025-02-22 17:39:57,037 ] 85 root - INFO - Starting data ingestion process...
[ 2025-02-22 17:39:57,037 ] 26 root - INFO - Fetching data from MongoDB collection: DynamicPricing in database: MLData
[ 2025-02-22 17:40:00,939 ] 53 root - INFO - DataFrame created with shape: (10000, 8)
[ 2025-02-22 17:40:00,950 ] 71 root - INFO - Saving DataFrame to feature store at Artifacts/02_22_2025_17_39_56/data_ingestion/feature_store/Online Retail.csv
[ 2025-02-22 17:40:01,005 ] 76 root - INFO - Data successfully saved to feature store.
[ 2025-02-22 17:40:01,005 ] 90 root - INFO - Data ingestion completed successfully.
[ 2025-02-22 17:40:01,008 ] 21 root - INFO - Data Initiation Completed
[ 2025-02-22 17:40:01,011 ] 15 root - INFO - Initialized DataCleaning with raw_data_path: Artifacts/02_22_2025_17_39_56/data_ingestion/feature_store/Online Retail.csv and cleaned_data_path: Artifacts/02_22_2025_17_39_56/data_validation/validated
[ 2025-02-22 17:40:01,011 ] 25 root - INFO - Initiate the data Validation
[ 2025-02-22 17:40:01,035 ] 54 root - WARNING - Column InvoiceDate has incorrect dtype: Expected datetime64[ns], Found int64
[ 2025-02-22 17:40:01,036 ] 122 root - INFO - Data type mismatch detected, initiating data cleaning...
[ 2025-02-22 17:40:01,039 ] 92 root - INFO - Converted Column: InvoiceDate | From: int64 → To: datetime64[ns]
[ 2025-02-22 17:40:01,044 ] 130 root - INFO - Missing values detected, initiating data cleaning...
[ 2025-02-22 17:40:01,045 ] 33 root - INFO - Handling missing values...
[ 2025-02-22 17:40:01,051 ] 42 root - INFO - Missing values before: 2333, after: 2333
[ 2025-02-22 17:40:01,056 ] 134 root - INFO - Duplicate rows detected, initiating data cleaning...
[ 2025-02-22 17:40:01,056 ] 50 root - INFO - Handling duplicates...
[ 2025-02-22 17:40:01,073 ] 54 root - INFO - Duplicates before: 196, after: 0
[ 2025-02-22 17:40:01,080 ] 138 root - INFO - Outliers detected, initiating data cleaning...
[ 2025-02-22 17:40:01,080 ] 62 root - INFO - Handling outliers...
[ 2025-02-22 17:40:01,083 ] 71 root - INFO - Column: Quantity, Outliers before: 1005, after: 0
[ 2025-02-22 17:40:01,086 ] 71 root - INFO - Column: UnitPrice, Outliers before: 628, after: 0
[ 2025-02-22 17:40:01,089 ] 71 root - INFO - Column: CustomerID, Outliers before: 0, after: 0
[ 2025-02-22 17:40:01,161 ] 27 root - INFO - data Validation Completed
