[ 2025-02-22 17:11:20,591 ] 19 root - INFO - Initialized DataIngestion with config: <src.entity.config_entity.DataIngestionConfig object at 0x75a10bd2b5b0>
[ 2025-02-22 17:11:20,591 ] 19 root - INFO - Initiate the data ingestion
[ 2025-02-22 17:11:20,591 ] 85 root - INFO - Starting data ingestion process...
[ 2025-02-22 17:11:20,591 ] 26 root - INFO - Fetching data from MongoDB collection: DynamicPricing in database: MLData
[ 2025-02-22 17:11:23,413 ] 53 root - INFO - DataFrame created with shape: (10000, 8)
[ 2025-02-22 17:11:23,424 ] 71 root - INFO - Saving DataFrame to feature store at Artifacts/02_22_2025_17_11_19/data_ingestion/feature_store/Online Retail.csv
[ 2025-02-22 17:11:23,480 ] 76 root - INFO - Data successfully saved to feature store.
[ 2025-02-22 17:11:23,480 ] 90 root - INFO - Data ingestion completed successfully.
[ 2025-02-22 17:11:23,483 ] 21 root - INFO - Data Initiation Completed
[ 2025-02-22 17:11:23,486 ] 15 root - INFO - Initialized DataCleaning with raw_data_path: Artifacts/02_22_2025_17_11_19/data_ingestion/feature_store/Online Retail.csv and cleaned_data_path: Artifacts/02_22_2025_17_11_19/data_validation/validated
[ 2025-02-22 17:11:23,486 ] 25 root - INFO - Initiate the data Validation
[ 2025-02-22 17:11:23,506 ] 52 root - INFO - Column InvoiceNo: 'object' treated as 'string', no conversion needed.
[ 2025-02-22 17:11:23,506 ] 52 root - INFO - Column StockCode: 'object' treated as 'string', no conversion needed.
[ 2025-02-22 17:11:23,506 ] 52 root - INFO - Column Description: 'object' treated as 'string', no conversion needed.
[ 2025-02-22 17:11:23,506 ] 56 root - WARNING - Column InvoiceDate has incorrect dtype: Expected datetime64[ns], Found int64
[ 2025-02-22 17:11:23,506 ] 52 root - INFO - Column Country: 'object' treated as 'string', no conversion needed.
[ 2025-02-22 17:11:23,506 ] 124 root - INFO - Data type mismatch detected, initiating data cleaning...
[ 2025-02-22 17:11:23,506 ] 88 root - INFO - Column InvoiceNo: 'object' treated as 'string', no conversion needed.
[ 2025-02-22 17:11:23,506 ] 88 root - INFO - Column StockCode: 'object' treated as 'string', no conversion needed.
[ 2025-02-22 17:11:23,507 ] 88 root - INFO - Column Description: 'object' treated as 'string', no conversion needed.
[ 2025-02-22 17:11:23,509 ] 94 root - INFO - Converted Column: InvoiceDate | From: int64 → To: datetime64[ns]
[ 2025-02-22 17:11:23,509 ] 88 root - INFO - Column Country: 'object' treated as 'string', no conversion needed.
[ 2025-02-22 17:11:23,512 ] 132 root - INFO - Missing values detected, initiating data cleaning...
[ 2025-02-22 17:11:23,512 ] 33 root - INFO - Handling missing values...
[ 2025-02-22 17:11:23,519 ] 42 root - INFO - Missing values before: 2333, after: 2333
[ 2025-02-22 17:11:23,524 ] 136 root - INFO - Duplicate rows detected, initiating data cleaning...
[ 2025-02-22 17:11:23,525 ] 50 root - INFO - Handling duplicates...
[ 2025-02-22 17:11:23,541 ] 54 root - INFO - Duplicates before: 196, after: 0
[ 2025-02-22 17:11:23,546 ] 140 root - INFO - Outliers detected, initiating data cleaning...
[ 2025-02-22 17:11:23,546 ] 62 root - INFO - Handling outliers...
[ 2025-02-22 17:11:23,550 ] 71 root - INFO - Column: Quantity, Outliers before: 1005, after: 0
[ 2025-02-22 17:11:23,553 ] 71 root - INFO - Column: UnitPrice, Outliers before: 628, after: 0
[ 2025-02-22 17:11:23,555 ] 71 root - INFO - Column: CustomerID, Outliers before: 0, after: 0
[ 2025-02-22 17:11:23,621 ] 27 root - INFO - data Validation Completed
